[0.793s] DEBUG:colcon:Command line arguments: ['/usr/bin/colcon', 'build', '--symlink-install']
[0.793s] DEBUG:colcon:Parsed command line arguments: Namespace(log_base=None, log_level=None, verb_name='build', build_base='build', install_base='install', merge_install=False, symlink_install=True, test_result_base=None, continue_on_error=False, executor='parallel', parallel_workers=4, event_handlers=None, ignore_user_meta=False, metas=['./colcon.meta'], base_paths=['.'], packages_ignore=None, packages_ignore_regex=None, paths=None, packages_up_to=None, packages_up_to_regex=None, packages_above=None, packages_above_and_dependencies=None, packages_above_depth=None, packages_select_by_dep=None, packages_skip_by_dep=None, packages_skip_up_to=None, packages_select_build_failed=False, packages_skip_build_finished=False, packages_select_test_failures=False, packages_skip_test_passed=False, packages_select=None, packages_skip=None, packages_select_regex=None, packages_skip_regex=None, packages_start=None, packages_end=None, allow_overriding=[], cmake_args=None, cmake_target=None, cmake_target_skip_unavailable=False, cmake_clean_cache=False, cmake_clean_first=False, cmake_force_configure=False, ament_cmake_args=None, catkin_cmake_args=None, catkin_skip_building_tests=False, verb_parser=<colcon_defaults.argument_parser.defaults.DefaultArgumentsDecorator object at 0x7f89a15d1ed0>, verb_extension=<colcon_core.verb.build.BuildVerb object at 0x7f89a15d1960>, main=<bound method BuildVerb.main of <colcon_core.verb.build.BuildVerb object at 0x7f89a15d1960>>)
[0.836s] Level 1:colcon.colcon_core.package_discovery:discover_packages(colcon_meta) check parameters
[0.836s] Level 1:colcon.colcon_core.package_discovery:discover_packages(recursive) check parameters
[0.836s] Level 1:colcon.colcon_core.package_discovery:discover_packages(ignore) check parameters
[0.836s] Level 1:colcon.colcon_core.package_discovery:discover_packages(path) check parameters
[0.836s] Level 1:colcon.colcon_core.package_discovery:discover_packages(colcon_meta) discover
[0.836s] Level 1:colcon.colcon_core.package_discovery:discover_packages(recursive) discover
[0.837s] INFO:colcon.colcon_core.package_discovery:Crawling recursively for packages in '/home/claudio/workspaces/src/kilobot'
[0.837s] Level 1:colcon.colcon_core.package_identification:_identify(.) by extensions ['ignore', 'ignore_ament_install']
[0.837s] Level 1:colcon.colcon_core.package_identification:_identify(.) by extension 'ignore'
[0.837s] Level 1:colcon.colcon_core.package_identification:_identify(.) by extension 'ignore_ament_install'
[0.837s] Level 1:colcon.colcon_core.package_identification:_identify(.) by extensions ['colcon_pkg']
[0.837s] Level 1:colcon.colcon_core.package_identification:_identify(.) by extension 'colcon_pkg'
[0.837s] Level 1:colcon.colcon_core.package_identification:_identify(.) by extensions ['colcon_meta']
[0.837s] Level 1:colcon.colcon_core.package_identification:_identify(.) by extension 'colcon_meta'
[0.838s] Level 1:colcon.colcon_core.package_identification:_identify(.) by extensions ['ros']
[0.838s] Level 1:colcon.colcon_core.package_identification:_identify(.) by extension 'ros'
[0.862s] DEBUG:colcon.colcon_core.package_identification:Package '.' with type 'ros.ament_cmake' and name 'kilobot'
[0.862s] Level 1:colcon.colcon_core.package_discovery:discover_packages(recursive) using defaults
[0.862s] Level 1:colcon.colcon_core.package_discovery:discover_packages(ignore) discover
[0.862s] Level 1:colcon.colcon_core.package_discovery:discover_packages(ignore) using defaults
[0.862s] Level 1:colcon.colcon_core.package_discovery:discover_packages(path) discover
[0.862s] Level 1:colcon.colcon_core.package_discovery:discover_packages(path) using defaults
[0.908s] Level 1:colcon.colcon_core.package_discovery:discover_packages(prefix_path) check parameters
[0.908s] Level 1:colcon.colcon_core.package_discovery:discover_packages(prefix_path) discover
[0.917s] DEBUG:colcon.colcon_installed_package_information.package_discovery:Found 3 installed packages in /home/claudio/workspaces/src/install
[0.920s] DEBUG:colcon.colcon_installed_package_information.package_discovery:Found 271 installed packages in /opt/ros/humble
[0.922s] Level 1:colcon.colcon_core.package_discovery:discover_packages(prefix_path) using defaults
[1.046s] Level 5:colcon.colcon_core.verb:set package 'kilobot' build argument 'cmake_args' from command line to 'None'
[1.046s] Level 5:colcon.colcon_core.verb:set package 'kilobot' build argument 'cmake_target' from command line to 'None'
[1.046s] Level 5:colcon.colcon_core.verb:set package 'kilobot' build argument 'cmake_target_skip_unavailable' from command line to 'False'
[1.046s] Level 5:colcon.colcon_core.verb:set package 'kilobot' build argument 'cmake_clean_cache' from command line to 'False'
[1.046s] Level 5:colcon.colcon_core.verb:set package 'kilobot' build argument 'cmake_clean_first' from command line to 'False'
[1.046s] Level 5:colcon.colcon_core.verb:set package 'kilobot' build argument 'cmake_force_configure' from command line to 'False'
[1.046s] Level 5:colcon.colcon_core.verb:set package 'kilobot' build argument 'ament_cmake_args' from command line to 'None'
[1.046s] Level 5:colcon.colcon_core.verb:set package 'kilobot' build argument 'catkin_cmake_args' from command line to 'None'
[1.046s] Level 5:colcon.colcon_core.verb:set package 'kilobot' build argument 'catkin_skip_building_tests' from command line to 'False'
[1.047s] DEBUG:colcon.colcon_core.verb:Building package 'kilobot' with the following arguments: {'ament_cmake_args': None, 'build_base': '/home/claudio/workspaces/src/kilobot/build/kilobot', 'catkin_cmake_args': None, 'catkin_skip_building_tests': False, 'cmake_args': None, 'cmake_clean_cache': False, 'cmake_clean_first': False, 'cmake_force_configure': False, 'cmake_target': None, 'cmake_target_skip_unavailable': False, 'install_base': '/home/claudio/workspaces/src/kilobot/install/kilobot', 'merge_install': False, 'path': '/home/claudio/workspaces/src/kilobot', 'symlink_install': True, 'test_result_base': None}
[1.048s] INFO:colcon.colcon_core.executor:Executing jobs using 'parallel' executor
[1.054s] DEBUG:colcon.colcon_parallel_executor.executor.parallel:run_until_complete
[1.054s] INFO:colcon.colcon_ros.task.ament_cmake.build:Building ROS package in '/home/claudio/workspaces/src/kilobot' with build type 'ament_cmake'
[1.055s] INFO:colcon.colcon_cmake.task.cmake.build:Building CMake package in '/home/claudio/workspaces/src/kilobot'
[1.069s] INFO:colcon.colcon_core.plugin_system:Skipping extension 'colcon_core.shell.bat': Not used on non-Windows systems
[1.069s] INFO:colcon.colcon_core.shell:Skip shell extension 'powershell' for command environment: Not usable outside of PowerShell
[1.070s] DEBUG:colcon.colcon_core.shell:Skip shell extension 'dsv' for command environment
[1.090s] DEBUG:colcon.colcon_core.event_handler.log_command:Invoking command in '/home/claudio/workspaces/src/kilobot/build/kilobot': CMAKE_PREFIX_PATH=${CMAKE_PREFIX_PATH}:/home/claudio/workspaces/src/install/py_vision_rpi_bot:/opt/ros/humble /usr/bin/cmake /home/claudio/workspaces/src/kilobot -DAMENT_CMAKE_SYMLINK_INSTALL=1 -DCMAKE_INSTALL_PREFIX=/home/claudio/workspaces/src/kilobot/install/kilobot
[2.819s] DEBUG:colcon.colcon_core.event_handler.log_command:Invoked command in '/home/claudio/workspaces/src/kilobot/build/kilobot' returned '0': CMAKE_PREFIX_PATH=${CMAKE_PREFIX_PATH}:/home/claudio/workspaces/src/install/py_vision_rpi_bot:/opt/ros/humble /usr/bin/cmake /home/claudio/workspaces/src/kilobot -DAMENT_CMAKE_SYMLINK_INSTALL=1 -DCMAKE_INSTALL_PREFIX=/home/claudio/workspaces/src/kilobot/install/kilobot
[2.825s] DEBUG:colcon.colcon_core.event_handler.log_command:Invoking command in '/home/claudio/workspaces/src/kilobot/build/kilobot': CMAKE_PREFIX_PATH=${CMAKE_PREFIX_PATH}:/home/claudio/workspaces/src/install/py_vision_rpi_bot:/opt/ros/humble /usr/bin/cmake --build /home/claudio/workspaces/src/kilobot/build/kilobot -- -j4 -l4
[2.994s] DEBUG:colcon.colcon_core.event_handler.log_command:Invoked command in '/home/claudio/workspaces/src/kilobot/build/kilobot' returned '0': CMAKE_PREFIX_PATH=${CMAKE_PREFIX_PATH}:/home/claudio/workspaces/src/install/py_vision_rpi_bot:/opt/ros/humble /usr/bin/cmake --build /home/claudio/workspaces/src/kilobot/build/kilobot -- -j4 -l4
[3.179s] DEBUG:colcon.colcon_core.event_handler.log_command:Invoking command in '/home/claudio/workspaces/src/kilobot/build/kilobot': CMAKE_PREFIX_PATH=${CMAKE_PREFIX_PATH}:/home/claudio/workspaces/src/install/py_vision_rpi_bot:/opt/ros/humble /usr/bin/cmake --install /home/claudio/workspaces/src/kilobot/build/kilobot
[3.314s] Level 1:colcon.colcon_core.environment:create_environment_scripts_only(kilobot)
[3.316s] DEBUG:colcon.colcon_core.event_handler.log_command:Invoked command in '/home/claudio/workspaces/src/kilobot/build/kilobot' returned '0': CMAKE_PREFIX_PATH=${CMAKE_PREFIX_PATH}:/home/claudio/workspaces/src/install/py_vision_rpi_bot:/opt/ros/humble /usr/bin/cmake --install /home/claudio/workspaces/src/kilobot/build/kilobot
[3.411s] Level 1:colcon.colcon_core.environment:checking '/home/claudio/workspaces/src/kilobot/install/kilobot' for CMake module files
[3.413s] Level 1:colcon.colcon_core.environment:checking '/home/claudio/workspaces/src/kilobot/install/kilobot' for CMake config files
[3.415s] Level 1:colcon.colcon_core.shell:create_environment_hook('kilobot', 'cmake_prefix_path')
[3.421s] INFO:colcon.colcon_core.shell:Creating environment hook '/home/claudio/workspaces/src/kilobot/install/kilobot/share/kilobot/hook/cmake_prefix_path.ps1'
[3.427s] INFO:colcon.colcon_core.shell:Creating environment descriptor '/home/claudio/workspaces/src/kilobot/install/kilobot/share/kilobot/hook/cmake_prefix_path.dsv'
[3.431s] INFO:colcon.colcon_core.shell:Creating environment hook '/home/claudio/workspaces/src/kilobot/install/kilobot/share/kilobot/hook/cmake_prefix_path.sh'
[3.439s] Level 1:colcon.colcon_core.environment:checking '/home/claudio/workspaces/src/kilobot/install/kilobot/bin'
[3.440s] Level 1:colcon.colcon_core.environment:checking '/home/claudio/workspaces/src/kilobot/install/kilobot/lib/pkgconfig/kilobot.pc'
[3.442s] Level 1:colcon.colcon_core.environment:checking '/home/claudio/workspaces/src/kilobot/install/kilobot/lib/python3.10/site-packages'
[3.443s] Level 1:colcon.colcon_core.environment:checking '/home/claudio/workspaces/src/kilobot/install/kilobot/bin'
[3.449s] INFO:colcon.colcon_core.shell:Creating package script '/home/claudio/workspaces/src/kilobot/install/kilobot/share/kilobot/package.ps1'
[3.463s] INFO:colcon.colcon_core.shell:Creating package descriptor '/home/claudio/workspaces/src/kilobot/install/kilobot/share/kilobot/package.dsv'
[3.467s] INFO:colcon.colcon_core.shell:Creating package script '/home/claudio/workspaces/src/kilobot/install/kilobot/share/kilobot/package.sh'
[3.473s] INFO:colcon.colcon_core.shell:Creating package script '/home/claudio/workspaces/src/kilobot/install/kilobot/share/kilobot/package.bash'
[3.477s] INFO:colcon.colcon_core.shell:Creating package script '/home/claudio/workspaces/src/kilobot/install/kilobot/share/kilobot/package.zsh'
[3.481s] Level 1:colcon.colcon_core.environment:create_file_with_runtime_dependencies(/home/claudio/workspaces/src/kilobot/install/kilobot/share/colcon-core/packages/kilobot)
[3.657s] Level 1:colcon.colcon_core.environment:create_environment_scripts_only(kilobot)
[3.667s] Level 1:colcon.colcon_core.environment:checking '/home/claudio/workspaces/src/kilobot/install/kilobot' for CMake module files
[3.669s] Level 1:colcon.colcon_core.environment:checking '/home/claudio/workspaces/src/kilobot/install/kilobot' for CMake config files
[3.671s] Level 1:colcon.colcon_core.shell:create_environment_hook('kilobot', 'cmake_prefix_path')
[3.678s] INFO:colcon.colcon_core.shell:Creating environment hook '/home/claudio/workspaces/src/kilobot/install/kilobot/share/kilobot/hook/cmake_prefix_path.ps1'
[3.680s] INFO:colcon.colcon_core.shell:Creating environment descriptor '/home/claudio/workspaces/src/kilobot/install/kilobot/share/kilobot/hook/cmake_prefix_path.dsv'
[3.682s] INFO:colcon.colcon_core.shell:Creating environment hook '/home/claudio/workspaces/src/kilobot/install/kilobot/share/kilobot/hook/cmake_prefix_path.sh'
[3.686s] Level 1:colcon.colcon_core.environment:checking '/home/claudio/workspaces/src/kilobot/install/kilobot/bin'
[3.687s] Level 1:colcon.colcon_core.environment:checking '/home/claudio/workspaces/src/kilobot/install/kilobot/lib/pkgconfig/kilobot.pc'
[3.688s] Level 1:colcon.colcon_core.environment:checking '/home/claudio/workspaces/src/kilobot/install/kilobot/lib/python3.10/site-packages'
[3.689s] Level 1:colcon.colcon_core.environment:checking '/home/claudio/workspaces/src/kilobot/install/kilobot/bin'
[3.697s] INFO:colcon.colcon_core.shell:Creating package script '/home/claudio/workspaces/src/kilobot/install/kilobot/share/kilobot/package.ps1'
[3.700s] INFO:colcon.colcon_core.shell:Creating package descriptor '/home/claudio/workspaces/src/kilobot/install/kilobot/share/kilobot/package.dsv'
[3.703s] INFO:colcon.colcon_core.shell:Creating package script '/home/claudio/workspaces/src/kilobot/install/kilobot/share/kilobot/package.sh'
[3.705s] INFO:colcon.colcon_core.shell:Creating package script '/home/claudio/workspaces/src/kilobot/install/kilobot/share/kilobot/package.bash'
[3.708s] INFO:colcon.colcon_core.shell:Creating package script '/home/claudio/workspaces/src/kilobot/install/kilobot/share/kilobot/package.zsh'
[3.710s] Level 1:colcon.colcon_core.environment:create_file_with_runtime_dependencies(/home/claudio/workspaces/src/kilobot/install/kilobot/share/colcon-core/packages/kilobot)
[3.714s] DEBUG:colcon.colcon_parallel_executor.executor.parallel:closing loop
[3.716s] DEBUG:colcon.colcon_parallel_executor.executor.parallel:loop closed
[3.716s] DEBUG:colcon.colcon_parallel_executor.executor.parallel:run_until_complete finished with '0'
[3.717s] DEBUG:colcon.colcon_core.event_reactor:joining thread
[3.788s] INFO:colcon.colcon_core.plugin_system:Skipping extension 'colcon_notification.desktop_notification.terminal_notifier': Not used on non-Darwin systems
[3.788s] INFO:colcon.colcon_core.plugin_system:Skipping extension 'colcon_notification.desktop_notification.win32': Not used on non-Windows systems
[3.789s] INFO:colcon.colcon_notification.desktop_notification:Sending desktop notification using 'notify2'
[3.933s] DEBUG:colcon.colcon_core.event_reactor:joined thread
[3.938s] INFO:colcon.colcon_core.shell:Creating prefix script '/home/claudio/workspaces/src/kilobot/install/local_setup.ps1'
[3.948s] INFO:colcon.colcon_core.shell:Creating prefix util module '/home/claudio/workspaces/src/kilobot/install/_local_setup_util_ps1.py'
[3.954s] INFO:colcon.colcon_core.shell:Creating prefix chain script '/home/claudio/workspaces/src/kilobot/install/setup.ps1'
[3.962s] INFO:colcon.colcon_core.shell:Creating prefix script '/home/claudio/workspaces/src/kilobot/install/local_setup.sh'
[3.965s] INFO:colcon.colcon_core.shell:Creating prefix util module '/home/claudio/workspaces/src/kilobot/install/_local_setup_util_sh.py'
[3.967s] INFO:colcon.colcon_core.shell:Creating prefix chain script '/home/claudio/workspaces/src/kilobot/install/setup.sh'
[3.981s] INFO:colcon.colcon_core.shell:Creating prefix script '/home/claudio/workspaces/src/kilobot/install/local_setup.bash'
[3.984s] INFO:colcon.colcon_core.shell:Creating prefix chain script '/home/claudio/workspaces/src/kilobot/install/setup.bash'
[3.990s] INFO:colcon.colcon_core.shell:Creating prefix script '/home/claudio/workspaces/src/kilobot/install/local_setup.zsh'
[3.996s] INFO:colcon.colcon_core.shell:Creating prefix chain script '/home/claudio/workspaces/src/kilobot/install/setup.zsh'
