[0.035s] Invoking command in '/home/claudio/workspaces/src/kilobot/build/kilobot': CMAKE_PREFIX_PATH=/home/claudio/workspaces/src/install/py_vision_rpi_bot:/opt/ros/humble /usr/bin/cmake /home/claudio/workspaces/src/kilobot -DAMENT_CMAKE_SYMLINK_INSTALL=1 -DCMAKE_INSTALL_PREFIX=/home/claudio/workspaces/src/kilobot/install/kilobot
[0.192s] -- The C compiler identification is GNU 11.4.0
[0.513s] -- The CXX compiler identification is GNU 11.4.0
[0.568s] -- Detecting C compiler ABI info
[0.905s] -- Detecting C compiler ABI info - done
[0.957s] -- Check for working C compiler: /usr/bin/cc - skipped
[0.958s] -- Detecting C compile features
[0.960s] -- Detecting C compile features - done
[0.973s] -- Detecting CXX compiler ABI info
[1.327s] -- Detecting CXX compiler ABI info - done
[1.353s] -- Check for working CXX compiler: /usr/bin/c++ - skipped
[1.353s] -- Detecting CXX compile features
[1.354s] -- Detecting CXX compile features - done
[1.361s] -- Found ament_cmake: 1.3.5 (/opt/ros/humble/share/ament_cmake/cmake)
[2.110s] -- Found Python3: /usr/bin/python3.10 (found version "3.10.12") found components: Interpreter 
[2.532s] -- Override CMake install command with custom implementation using symlinks instead of copying resources
[2.628s] -- Found ament_lint_auto: 0.12.7 (/opt/ros/humble/share/ament_lint_auto/cmake)
[2.999s] -- Added test 'copyright' to check source files copyright and LICENSE
[3.029s] -- Added test 'cppcheck' to perform static code analysis on C / C++ code
[3.030s] -- Configured cppcheck include dirs: 
[3.030s] -- Configured cppcheck exclude dirs and/or files: 
[3.084s] -- Added test 'cpplint' to check C / C++ code against the Google style
[3.084s] -- Configured cpplint exclude dirs and/or files: 
[3.091s] -- Added test 'flake8' to check Python code syntax and style conventions
[3.107s] -- Added test 'lint_cmake' to check CMake code style
[3.135s] -- Added test 'pep257' to check Python code against some of the docstring style conventions in PEP 257
[3.219s] -- Added test 'uncrustify' to check C / C++ code style
[3.219s] -- Configured uncrustify additional arguments: 
[3.223s] -- Added test 'xmllint' to check XML markup files
[3.230s] -- Configuring done
[3.273s] -- Generating done
[3.289s] -- Build files have been written to: /home/claudio/workspaces/src/kilobot/build/kilobot
[3.313s] Invoked command in '/home/claudio/workspaces/src/kilobot/build/kilobot' returned '0': CMAKE_PREFIX_PATH=/home/claudio/workspaces/src/install/py_vision_rpi_bot:/opt/ros/humble /usr/bin/cmake /home/claudio/workspaces/src/kilobot -DAMENT_CMAKE_SYMLINK_INSTALL=1 -DCMAKE_INSTALL_PREFIX=/home/claudio/workspaces/src/kilobot/install/kilobot
[3.324s] Invoking command in '/home/claudio/workspaces/src/kilobot/build/kilobot': CMAKE_PREFIX_PATH=/home/claudio/workspaces/src/install/py_vision_rpi_bot:/opt/ros/humble /usr/bin/cmake --build /home/claudio/workspaces/src/kilobot/build/kilobot -- -j4 -l4
[3.625s] Invoked command in '/home/claudio/workspaces/src/kilobot/build/kilobot' returned '0': CMAKE_PREFIX_PATH=/home/claudio/workspaces/src/install/py_vision_rpi_bot:/opt/ros/humble /usr/bin/cmake --build /home/claudio/workspaces/src/kilobot/build/kilobot -- -j4 -l4
[3.842s] Invoking command in '/home/claudio/workspaces/src/kilobot/build/kilobot': CMAKE_PREFIX_PATH=/home/claudio/workspaces/src/install/py_vision_rpi_bot:/opt/ros/humble /usr/bin/cmake --install /home/claudio/workspaces/src/kilobot/build/kilobot
[3.893s] -- Install configuration: ""
[3.895s] -- Execute custom install script
[3.897s] -- Symlinking: /home/claudio/workspaces/src/kilobot/install/kilobot/share/kilobot/config/empty.yaml
[3.952s] -- Symlinking: /home/claudio/workspaces/src/kilobot/install/kilobot/share/kilobot/description/camera.xacro
[4.001s] -- Symlinking: /home/claudio/workspaces/src/kilobot/install/kilobot/share/kilobot/description/depth_camera.xacro
[4.057s] -- Symlinking: /home/claudio/workspaces/src/kilobot/install/kilobot/share/kilobot/description/face.xacro
[4.099s] -- Symlinking: /home/claudio/workspaces/src/kilobot/install/kilobot/share/kilobot/description/gazebo_control.xacro
[4.140s] -- Symlinking: /home/claudio/workspaces/src/kilobot/install/kilobot/share/kilobot/description/inertial_macros.xacro
[4.207s] -- Symlinking: /home/claudio/workspaces/src/kilobot/install/kilobot/share/kilobot/description/lidar.xacro
[4.250s] -- Symlinking: /home/claudio/workspaces/src/kilobot/install/kilobot/share/kilobot/description/robot.urdf.xacro
[4.294s] -- Symlinking: /home/claudio/workspaces/src/kilobot/install/kilobot/share/kilobot/description/robot_core.xacro
[4.344s] -- Symlinking: /home/claudio/workspaces/src/kilobot/install/kilobot/share/kilobot/description/ros2_control.xacro
[4.398s] -- Symlinking: /home/claudio/workspaces/src/kilobot/install/kilobot/share/kilobot/launch/rsp.launch.py
[4.461s] -- Symlinking: /home/claudio/workspaces/src/kilobot/install/kilobot/share/kilobot/worlds/empty.world
[4.499s] -- Symlinking: /home/claudio/workspaces/src/kilobot/install/kilobot/share/ament_index/resource_index/package_run_dependencies/kilobot
[4.544s] -- Symlinking: /home/claudio/workspaces/src/kilobot/install/kilobot/share/ament_index/resource_index/parent_prefix_path/kilobot
[4.583s] -- Symlinking: /home/claudio/workspaces/src/kilobot/install/kilobot/share/kilobot/environment/ament_prefix_path.sh
[4.631s] -- Symlinking: /home/claudio/workspaces/src/kilobot/install/kilobot/share/kilobot/environment/ament_prefix_path.dsv
[4.667s] -- Symlinking: /home/claudio/workspaces/src/kilobot/install/kilobot/share/kilobot/environment/path.sh
[4.703s] -- Symlinking: /home/claudio/workspaces/src/kilobot/install/kilobot/share/kilobot/environment/path.dsv
[4.749s] -- Symlinking: /home/claudio/workspaces/src/kilobot/install/kilobot/share/kilobot/local_setup.bash
[4.792s] -- Symlinking: /home/claudio/workspaces/src/kilobot/install/kilobot/share/kilobot/local_setup.sh
[4.842s] -- Symlinking: /home/claudio/workspaces/src/kilobot/install/kilobot/share/kilobot/local_setup.zsh
[4.872s] -- Symlinking: /home/claudio/workspaces/src/kilobot/install/kilobot/share/kilobot/local_setup.dsv
[4.918s] -- Symlinking: /home/claudio/workspaces/src/kilobot/install/kilobot/share/kilobot/package.dsv
[4.965s] -- Symlinking: /home/claudio/workspaces/src/kilobot/install/kilobot/share/ament_index/resource_index/packages/kilobot
[5.003s] -- Symlinking: /home/claudio/workspaces/src/kilobot/install/kilobot/share/kilobot/cmake/kilobotConfig.cmake
[5.033s] -- Symlinking: /home/claudio/workspaces/src/kilobot/install/kilobot/share/kilobot/cmake/kilobotConfig-version.cmake
[5.116s] -- Symlinking: /home/claudio/workspaces/src/kilobot/install/kilobot/share/kilobot/package.xml
[5.162s] Invoked command in '/home/claudio/workspaces/src/kilobot/build/kilobot' returned '0': CMAKE_PREFIX_PATH=/home/claudio/workspaces/src/install/py_vision_rpi_bot:/opt/ros/humble /usr/bin/cmake --install /home/claudio/workspaces/src/kilobot/build/kilobot
